2024-10-16 13:16:32,523 - INFO - Username already exists - signup
2024-10-16 13:18:13,307 - INFO - user user14 account created - signup
2024-10-16 13:20:08,438 - INFO -  - /auth/signup - Username already exists - signup
2024-10-16 13:22:46,672 - INFO -  /auth/signup - Username already exists - signup
2024-10-16 13:27:44,302 - INFO -  /auth/signup - user: - [user15] - account created - signup
2024-10-16 13:28:48,713 - INFO -  /auth/login - user : [user12] logged in   - login
2024-10-16 13:51:52,374 - INFO -  /auth/login - user : [user12] logged in   - login
2024-10-16 13:52:21,845 - INFO -  - /wallet/balance - user: [user12]  - get_wallet_balance
2024-10-16 13:52:35,437 - INFO -  - /wallet/show-wallet - user [user12]  - show_user_wallet
2024-10-16 13:52:44,864 - INFO -  http://127.0.0.1:8000/wallet/send-amount?receiver=akhialesh123&amount=111&category=dog%20food - user: [user12] - amount: 111] - category:[dog food] - send_amount
2024-10-16 13:53:09,358 - INFO -  http://127.0.0.1:8000/wallet/receive-amount?sender=Aman123&amount=1000000&category=aata - user: [user12] - amount: 1000000] - category:[aata] - receive_amount
2024-10-16 13:55:48,985 - INFO -  http://127.0.0.1:8000/wallet/receive-amount?sender=Aman123&amount=1000000&category=aata - user: [user12] - amount: 1000000] - category:[aata] - receive_amount
2024-10-16 13:55:51,364 - INFO -  http://127.0.0.1:8000/wallet/send-amount?receiver=akhialesh123&amount=111&category=dog%20food - user: [user12] - amount: 111] - category:[dog food] - send_amount
2024-10-16 13:55:53,559 - INFO -  - /wallet/show-wallet - user [user12]  - show_user_wallet
2024-10-16 13:55:56,059 - INFO -  - /wallet/balance - user: [user12]  - get_wallet_balance
2024-10-16 13:56:49,336 - INFO -   /wallet/balance - user: [user12]  - get_wallet_balance
2024-10-16 13:56:51,278 - INFO -   /wallet/show-wallet - user [user12]  - show_user_wallet
2024-10-16 13:56:53,425 - INFO -  /wallet/send-amount - user: [user12] - amount: 111] - category:[dog food] - send_amount
2024-10-16 13:56:55,217 - INFO -  /wallet/receive-amount - user: [user12] - amount: 1000000] - category:[aata] - receive_amount
2024-10-16 13:58:24,631 - INFO -   /wallet/balance - user: [user12]  - get_wallet_balance
2024-10-16 13:58:27,280 - INFO -   /wallet/show-wallet - user [user12]  - show_user_wallet
2024-10-16 13:58:29,852 - INFO -  /wallet/send-amount - user: [user12] - amount: [111] - category:[dog food] - send_amount
2024-10-16 13:58:32,426 - INFO -  /wallet/receive-amount - user: [user12] - amount: [1000000] - category:[aata] - receive_amount
2024-10-16 13:59:54,089 - INFO -   /wallet/balance - user: [user12]  - get_wallet_balance
2024-10-16 13:59:56,372 - INFO -   /wallet/show-wallet - user [user12]  - show_user_wallet
2024-10-16 13:59:58,233 - INFO -  /wallet/send-amount - user: [user12] - amount: [111] - category:[dog food] - send_amount
2024-10-16 14:00:00,122 - INFO -  /wallet/receive-amount - user: [user12] - amount: [1000000] - category:[aata] - receive_amount
2024-10-16 14:00:32,350 - INFO -  /wallet/balance - user: [user12]  - get_wallet_balance
2024-10-16 14:00:34,395 - INFO -  /wallet/show-wallet - user [user12]  - show_user_wallet
2024-10-16 14:00:36,008 - INFO -  /wallet/send-amount - user: [user12] - amount: [111] - category:[dog food] - send_amount
2024-10-16 14:00:37,777 - INFO -  /wallet/receive-amount - user: [user12] - amount: [1000000] - category:[aata] - receive_amount
2024-10-16 14:38:40,092 - INFO -  /transactions/get-transaction/118 - Invalid token  - get_transaction_by_id
2024-10-16 14:39:06,685 - INFO -  /auth/login - user : [user12] logged in   - login
2024-10-16 14:39:15,278 - INFO -  /wallet/balance - user: [user12]  - get_wallet_balance
2024-10-16 14:39:19,022 - INFO -  /wallet/show-wallet - user [user12]  - show_user_wallet
2024-10-16 14:39:20,973 - INFO -  /wallet/send-amount - user: [user12] - amount: [111] - category:[dog food] - send_amount
2024-10-16 14:39:22,900 - INFO -  /wallet/receive-amount - user: [user12] - amount: [1000000] - category:[aata] - receive_amount
2024-10-16 14:41:26,686 - INFO -  /transactions/current-month - user: [user12]  - get_current_month_transactions
2024-10-16 15:15:22,799 - INFO -  /wallet/balance - Invalid token  - get_wallet_balance
2024-10-16 15:15:53,201 - INFO -  /auth/login - user : [user12] logged in   - login
2024-10-16 15:16:02,837 - INFO -  /auth/signup - Username already exists - signup
2024-10-16 15:16:26,233 - INFO -  /transactions/get-transaction/118 - 401: Could not validate the credentials - Invalid token  - get_transaction_by_id
2024-10-16 15:16:39,913 - INFO -  /wallet/balance - Invalid token  - get_wallet_balance
2024-10-16 15:16:43,297 - INFO -  /auth/signup - Username already exists - signup
2024-10-16 15:16:50,881 - INFO -  /auth/login - user : [user12] logged in   - login
2024-10-16 15:16:58,822 - INFO -  /wallet/show-wallet - user [user12]  - show_user_wallet
2024-10-16 15:17:01,911 - INFO -  /wallet/send-amount - user: [user12] - amount: [111] - category:[dog food] - send_amount
2024-10-16 15:17:05,013 - INFO -  /wallet/receive-amount - user: [user12] - amount: [1000000] - category:[aata] - receive_amount
2024-10-16 15:21:40,083 - INFO -  /wallet/balance - user: [user12]  - get_wallet_balance
2024-10-16 15:21:50,547 - INFO -  /transactions/current-month - user: [user12]  - get_current_month_transactions
2024-10-16 15:22:06,139 - INFO -  - get_transaction_by_month
2024-10-16 15:26:12,419 - INFO -  /transactions/current-month - user: [user12]  - get_current_month_transactions
2024-10-16 15:26:19,957 - INFO -  - get_transaction_by_month
2024-10-16 15:26:47,850 - INFO -  /transactions/get-by-month - user: [user12]  - get_transaction_by_month
2024-10-16 15:27:00,279 - INFO -  /transactions/top-transactions/100 - user: [user12]  - get_top_n_transactions
2024-10-16 15:27:05,307 - INFO -  /transactions/last-transactions/10 - user: [user12]  - get_last_n_transactions
2024-10-16 15:27:18,580 - INFO -  /transactions/current-month - user: [user12]  - get_current_month_transactions
2024-10-16 15:27:22,952 - INFO -  /transactions/get-transaction/118 - user: [user12]  - get_transaction_by_id
2024-10-16 15:27:30,762 - INFO -  /wallet/balance - user: [user12]  - get_wallet_balance
2024-10-16 15:27:36,149 - INFO -  /wallet/show-wallet - user [user12]  - show_user_wallet
2024-10-16 15:27:40,871 - INFO -  /wallet/send-amount - user: [user12] - amount: [111] - category:[dog food] - send_amount
2024-10-16 15:27:46,516 - INFO -  /wallet/receive-amount - user: [user12] - amount: [1000000] - category:[aata] - receive_amount
2024-10-16 15:28:25,225 - INFO -  /wallet/send-amount - amount: [11111111111111111111111111111111] - User wallet balance is low  - send_amount
2024-10-16 15:29:05,150 - INFO -  /transactions/get-transaction/1181 - 404: No records found with this transaction ID - No records found  - get_transaction_by_id
2024-10-16 15:29:47,749 - INFO -  /transactions/current-month - user: [user12]  - get_current_month_transactions
2024-10-16 15:30:02,335 - INFO -  /transactions/last-transactions/10000000000 - user: [user12]  - get_last_n_transactions
2024-10-16 15:30:17,451 - INFO -  /transactions/last-transactions/1 - user: [user12]  - get_last_n_transactions
2024-10-16 15:30:31,862 - INFO -  /transactions/get-by-month - 400: Invalid month and year entered! - Invalid Date Entered  - get_transaction_by_month
2024-10-16 15:30:42,312 - INFO -  /transactions/get-by-month - 400: Invalid month and year entered! - Invalid Date Entered  - get_transaction_by_month
2024-10-16 15:30:55,142 - INFO -  /transactions/get-by-month - 400: Invalid month and year entered! - Invalid Date Entered  - get_transaction_by_month
2024-10-16 15:31:02,475 - INFO -  /transactions/get-by-month - 400: Invalid month and year entered! - Invalid Date Entered  - get_transaction_by_month
2024-10-16 15:39:12,811 - INFO -  /transactions/get-by-month - 401: Could not validate the credentials - Invalid token  - get_transaction_by_month
2024-10-16 15:39:24,065 - INFO -  /wallet/balance - Invalid token  - get_wallet_balance
2024-10-16 15:39:29,149 - INFO -  /wallet/show-wallet - Invalid token  - show_user_wallet
2024-10-16 15:39:32,744 - INFO -  /wallet/send-amount - Invalid token  - send_amount
2024-10-16 15:44:12,482 - INFO -  /auth/login - user : [user12] logged in   - login
2024-10-17 09:11:07,964 - INFO -  /wallet/balance - 401: could not validate the credentials!   - Invalid token  - get_wallet_balance
2024-10-17 09:11:16,060 - INFO -  /wallet/show-wallet - 401: could not validate the credentials!   - Invalid token  - show_user_wallet
2024-10-17 09:25:20,665 - INFO -  /wallet/balance - 401: could not validate the credentials!   - Invalid token  - get_wallet_balance
2024-10-17 09:25:34,209 - INFO -  /wallet/send-amount - Invalid token  - send_amount
2024-10-17 09:25:38,679 - INFO -  /transactions/current-month - 401: Could not validate the credentials - Invalid token  - get_current_month_transactions
2024-10-17 09:25:44,646 - INFO -  /transactions/get-transaction/1181 - 401: Could not validate the credentials - Invalid token  - get_transaction_by_id
2024-10-17 09:25:48,724 - INFO -  /transactions/last-transactions/1 - 401: Could not validate the credentials - Invalid token  - get_last_n_transactions
2024-10-17 09:25:52,327 - INFO -  /transactions/top-transactions/100 - 401: Could not validate the credentials - Invalid token  - get_top_n_transactions
2024-10-17 09:25:56,512 - INFO -  /transactions/get-by-month - 401: Could not validate the credentials - Invalid token  - get_transaction_by_month
2024-10-17 09:26:11,355 - INFO -   /auth/login - Internal Server Error  - login
2024-10-17 09:26:27,933 - INFO -   /auth/signup - Internal Server Error  - signup
2024-10-17 09:26:40,870 - INFO -  /wallet/show-wallet - 401: could not validate the credentials!   - Invalid token  - show_user_wallet
2024-10-17 09:27:56,935 - INFO -  /wallet/show-wallet - 401: could not validate the credentials!   - Invalid token  - show_user_wallet
2024-10-17 09:28:00,367 - INFO -  /auth/login - user : [user12] logged in   - login
2024-10-17 09:28:14,899 - INFO -  /wallet/show-wallet - user [user12]  - show_user_wallet
2024-10-17 09:28:27,721 - INFO -  /wallet/send-amount - user: [user12] - amount: [111] - category:[dog food] - send_amount
2024-10-17 09:42:06,537 - INFO -  /wallet/send-amount - user: [user12] - amount: [111] - category:[dog food] - send_amount
2024-10-17 09:42:38,764 - INFO -  /wallet/show-wallet - user [user12]  - show_user_wallet
2024-10-17 09:49:18,441 - INFO -  /auth/login - user : [ad123] logged in   - login
2024-10-17 14:42:30,908 - INFO -  /auth/login - user : [ad123] logged in   - login
2024-10-17 17:01:38,923 - INFO -  /auth/login - user : [ad123] logged in   - login
2024-10-17 17:09:47,087 - INFO -  /auth/login - user : [ad123] logged in   - login
2024-10-17 17:10:44,027 - INFO -  /auth/signup - Username already exists - signup
2024-10-17 17:10:52,526 - INFO -  /auth/signup - user: - [user16] - account created - signup
2024-10-17 17:12:40,830 - INFO -  /transactions/last-transactions/1 - 404: No records found! - No records found  - get_last_n_transactions
2024-10-17 17:15:00,182 - INFO -  /transactions/get-transaction/1181 - 404: No records found with this transaction ID - No records found  - get_transaction_by_id
2024-10-18 03:27:07,276 - INFO -  /transactions/last-transactions/1 - 401: Could not validate the credentials - Invalid token  - get_last_n_transactions
2024-10-18 03:27:40,635 - INFO -  /transactions/top-transactions/100 - 401: Could not validate the credentials - Invalid token  - get_top_n_transactions
2024-10-18 03:27:53,367 - INFO -  /auth/login - user : [ad123] logged in   - login
2024-10-18 03:28:14,224 - INFO -  /wallet/balance - user: [ad123]  - get_wallet_balance
2024-10-18 03:28:18,996 - INFO -  /wallet/show-wallet - user [ad123]  - show_user_wallet
2024-10-18 03:28:24,387 - INFO -  /wallet/send-amount - Receiver does not exist  - send_amount
2024-10-18 03:28:24,387 - INFO -  /wallet/send-amount - Invalid token  - send_amount
2024-10-18 03:28:32,284 - INFO -  /wallet/send-amount - Receiver does not exist  - send_amount
2024-10-18 03:28:32,285 - INFO -  /wallet/send-amount - Invalid token  - send_amount
2024-10-18 03:28:45,443 - INFO -  /transactions/get-transaction/1181 - 404: No records found with this transaction ID - No records found  - get_transaction_by_id
2024-10-18 03:28:50,064 - INFO -  /transactions/get-transaction/11 - user: [ad123]  - get_transaction_by_id
2024-10-18 03:28:56,897 - INFO -  /transactions/current-month - user: [ad123]  - get_current_month_transactions
2024-10-18 03:28:59,843 - INFO -  /transactions/last-transactions/1 - user: [ad123]  - get_last_n_transactions
2024-10-18 03:29:02,480 - INFO -  /transactions/top-transactions/100 - user: [ad123]  - get_top_n_transactions
2024-10-18 03:29:04,925 - INFO -  /transactions/get-by-month - 400: Invalid month and year entered! - Invalid Date Entered  - get_transaction_by_month
2024-10-18 03:29:36,837 - INFO -  /wallet/send-amount - Receiver does not exist  - send_amount
2024-10-18 03:29:36,837 - INFO -  /wallet/send-amount - Invalid token  - send_amount
2024-10-18 03:29:50,550 - INFO -  /wallet/send-amount - Receiver does not exist  - send_amount
2024-10-18 03:29:50,550 - INFO -  /wallet/send-amount - Invalid token  - send_amount
2024-10-18 03:31:29,951 - INFO -  /wallet/send-amount - user: [ad123] - amount: [111] - category:[dog food] - send_amount
2024-10-18 03:32:27,234 - INFO -  /wallet/send-amount - Receiver does not exist  - send_amount
2024-10-18 03:32:27,235 - INFO -  /wallet/send-amount - Invalid token  - send_amount
2024-10-18 03:32:36,225 - INFO -  /wallet/send-amount - user: [ad123] - amount: [111] - category:[dog food] - send_amount
2024-10-18 03:35:47,720 - INFO -  /wallet/send-amount - user: [ad123] - amount: [111] - category:[dog food] - send_amount
2024-10-18 03:36:00,870 - INFO -  /wallet/send-amount - Receiver does not exist  - send_amount
2024-10-18 03:36:00,870 - INFO -  /wallet/send-amount - Invalid token  - send_amount
2024-10-18 03:37:11,140 - INFO -  /wallet/send-amount - Receiver does not exist  - send_amount
2024-10-18 03:37:11,140 - INFO -  /wallet/send-amount - 400: Receiver does not exist  - send_amount
2024-10-18 03:37:49,507 - INFO -  /wallet/send-amount - user: [ad123] - amount: [111] - category:[dog food] - send_amount
2024-10-18 03:39:34,821 - INFO -  /wallet/send-amount - user: [ad123] - amount: [100] - category:[chocolate] - send_amount
2024-10-18 03:50:52,815 - INFO -  /wallet/send-amount - 401: could not validate the credentials!    - send_amount
2024-10-18 03:50:57,461 - INFO -  /auth/login - user : [ad123] logged in   - login
2024-10-18 03:51:01,298 - INFO -  /wallet/show-wallet - user [ad123]  - show_user_wallet
2024-10-18 03:51:07,783 - INFO -  /transactions/get-transaction/11 - user: [ad123]  - get_transaction_by_id
2024-10-18 03:51:13,188 - INFO -  /wallet/send-amount - user: [ad123] - amount: [100] - category:[chocolate] - send_amount
2024-10-18 03:51:49,036 - INFO -  /wallet/send-amount - user:[ad123 - amount:100 - Self Transfer Exception - send_amount
2024-10-18 03:52:04,365 - INFO -  /wallet/send-amount - user: [ad123] - amount: [100] - category:[chocolate] - send_amount
2024-10-18 04:17:21,330 - INFO -  /wallet/send-amount - 401: could not validate the credentials!    - send_amount
2024-10-18 04:18:08,519 - INFO -  /wallet/show-wallet - 401: could not validate the credentials!   - Invalid token  - show_user_wallet
2024-10-18 04:18:12,643 - INFO -  /auth/login - user : [ad123] logged in   - login
2024-10-18 04:20:28,078 - INFO -  /wallet/send-amount -  user: [ad123] - amount: [100] - category:[chocolate] - send_amount
2024-10-18 04:22:28,888 - INFO -  /wallet/send-amount - 201 - user: [ad123] - amount: [100] - category:[chocolate] - send_amount
2024-10-18 04:23:25,226 - INFO -  /wallet/show-wallet - user [ad123]  - show_user_wallet
2024-10-18 04:23:29,152 - INFO -  /transactions/get-transaction/11 - user: [ad123]  - get_transaction_by_id
2024-10-18 04:23:33,952 - INFO -  /transactions/current-month - user: [ad123]  - get_current_month_transactions
2024-10-18 04:23:39,620 - INFO -  /transactions/last-transactions/1 - user: [ad123]  - get_last_n_transactions
2024-10-18 04:23:42,592 - INFO -  /transactions/get-by-month - 400: Invalid month and year entered! - Invalid Date Entered  - get_transaction_by_month
2024-10-18 04:23:50,374 - INFO -  /transactions/get-by-month - 400: Invalid month and year entered! - Invalid Date Entered  - get_transaction_by_month
2024-10-18 04:23:53,822 - INFO -  /transactions/get-by-month - user: [ad123]  - get_transaction_by_month
2024-10-18 04:44:10,547 - INFO -  /transactions/get-by-month - 401: Could not validate the credentials - Invalid token  - get_transaction_by_month
2024-10-18 04:46:29,359 - INFO -  /auth/login - Internal Server Error  - login
2024-10-18 04:47:25,189 - INFO -  /auth/login - Internal Server Error  - login
2024-10-18 04:47:48,861 - INFO -  /auth/login - user : [ad123] logged in   - login
2024-10-18 04:48:06,062 - INFO -  /wallet/send-amount - 400: Receiver does not exist  - send_amount
2024-10-18 04:48:06,063 - INFO -  /wallet/send-amount - 400: Receiver does not exist  - send_amount
2024-10-18 04:48:27,806 - INFO -  /wallet/send-amount - 403: Cannot transfer to the same account wallet!  - send_amount
2024-10-18 04:50:36,869 - INFO -  /wallet/send-amount - 403: Cannot transfer to the same account wallet!  - send_amount
2024-10-18 04:50:38,173 - INFO -  /wallet/send-amount - 403: Cannot transfer to the same account wallet!  - send_amount
2024-10-18 04:50:39,330 - INFO -  /wallet/send-amount - 403: Cannot transfer to the same account wallet!  - send_amount
2024-10-18 04:50:40,404 - INFO -  /wallet/send-amount - 403: Cannot transfer to the same account wallet!  - send_amount
2024-10-18 04:50:41,632 - INFO -  /wallet/send-amount - 403: Cannot transfer to the same account wallet!  - send_amount
2024-10-18 04:50:42,788 - INFO -  /wallet/send-amount - 403: Cannot transfer to the same account wallet!  - send_amount
2024-10-18 04:50:43,841 - INFO -  /wallet/send-amount - 403: Cannot transfer to the same account wallet!  - send_amount
2024-10-18 05:32:10,743 - INFO -  /wallet/send-amount - 401: could not validate the credentials!    - send_amount
2024-10-18 05:32:31,323 - INFO -  /transactions/get-transaction/11 - 401: Could not validate the credentials - Invalid token  - get_transaction_by_id
2024-10-18 05:32:35,168 - INFO -  /transactions/current-month - 401: Could not validate the credentials - Invalid token  - get_current_month_transactions
2024-10-18 05:32:38,370 - INFO -  /transactions/last-transactions/1 - 401: Could not validate the credentials - Invalid token  - get_last_n_transactions
2024-10-18 05:32:42,318 - INFO -  /transactions/top-transactions/100 - 401: Could not validate the credentials - Invalid token  - get_top_n_transactions
2024-10-18 05:32:45,869 - INFO -  /transactions/get-by-month - 401: Could not validate the credentials - Invalid token  - get_transaction_by_month
2024-10-18 05:32:51,397 - INFO -  /wallet/show-wallet - 401: could not validate the credentials!   - Invalid token  - show_user_wallet
2024-10-18 05:32:54,728 - INFO -  /wallet/send-amount - 401: could not validate the credentials!    - send_amount
2024-10-18 05:33:05,583 - INFO -  /wallet/send-amount - 401: could not validate the credentials!    - send_amount
2024-10-18 05:33:51,000 - INFO -  /auth/signup - Username already exists - signup
2024-10-18 05:35:27,764 - INFO -  /wallet/balance - 401: Could not validate the credentials - get_wallet_balance
2024-10-18 05:39:50,010 - INFO -  /wallet/balance - 401: Could not validate the credentials - get_wallet_balance
2024-10-18 05:42:35,246 - INFO -  /auth/signup - Username already exists - signup
2024-10-18 05:42:51,801 - INFO -  /auth/login - user : [ad123] logged in   - login
2024-10-18 05:43:11,207 - INFO -  /wallet/balance - 200 - user: [ad123]  - get_wallet_balance
2024-10-18 05:43:54,221 - INFO -  /wallet/balance - 200 - user: [ad123]  
2024-10-18 05:44:14,576 - INFO -  /wallet/show-wallet - 200 - user [ad123]  
2024-10-18 05:44:37,729 - INFO -  /wallet/send-amount - 403: Cannot transfer to the same account wallet!  
2024-10-18 05:44:56,766 - INFO -  /wallet/send-amount - 201 - user: [ad123] - amount: [100] - category:[chocolate] 
2024-10-18 05:46:39,965 - INFO -  /auth/login - user : [user16] logged in   
2024-10-18 05:46:52,690 - INFO -  /wallet/balance - 200 - user: [user16]  
2024-10-18 05:46:58,790 - INFO -  /wallet/send-amount - 403: User wallet is empty! 
2024-10-18 05:48:31,840 - INFO -  /wallet/send-amount - 500: Internal Server Error  
2024-10-18 05:49:06,566 - INFO -  /wallet/show-wallet - 200 - user [user16]  
2024-10-18 05:49:06,566 - INFO -  /wallet/show-wallet - 500: Internal Server Error 
2024-10-18 05:49:26,540 - INFO -  /wallet/show-wallet - 200 - user [user16]  
2024-10-18 05:49:26,544 - INFO -  /wallet/show-wallet - 500: Internal Server Error 
2024-10-18 05:52:23,783 - INFO -  /wallet/show-wallet - 500: Internal Server Error 
2024-10-18 05:52:35,474 - INFO -  /wallet/balance - 500: Internal Server Error  
2024-10-18 05:52:47,343 - INFO -  /wallet/send-amount - 500: Internal Server Error  
2024-10-18 05:53:05,674 - INFO -  /auth/login - Internal Server Error  
2024-10-18 05:53:14,391 - INFO -  /transactions/current-month - 401: Could not validate the credentials - Invalid token  
2024-10-18 05:53:26,208 - INFO -  /transactions/last-transactions/1 - 401: Could not validate the credentials - Invalid token  
2024-10-18 05:53:33,187 - INFO -  /transactions/top-transactions/100 - 401: Could not validate the credentials - Invalid token  
2024-10-18 05:53:42,739 - INFO -  /transactions/current-month - 401: Could not validate the credentials - Invalid token  
2024-10-18 05:53:48,501 - INFO -  /transactions/last-transactions/1 - 401: Could not validate the credentials - Invalid token  
2024-10-18 05:53:57,638 - INFO -  /transactions/get-by-month - 401: Could not validate the credentials - Invalid token  
2024-10-18 06:11:32,734 - INFO -  /wallet/balance - 401: Could not validate the credentials 
2024-10-18 06:11:50,275 - INFO -  /auth/signup - 409: Username already exists! 
2024-10-18 06:15:19,947 - INFO -  /auth/signup - 409: Username already exists! 
2024-10-18 06:15:26,616 - INFO -  /wallet/show-wallet - 401: could not validate the credentials!   - Invalid token  
2024-10-18 06:15:35,951 - INFO -  /wallet/send-amount - 401: could not validate the credentials!    
2024-10-18 06:16:00,336 - INFO -  /wallet/send-amount - 401: could not validate the credentials!    
2024-10-18 06:16:43,123 - INFO -  /wallet/send-amount - 401: could not validate the credentials!    
2024-10-18 06:16:47,086 - INFO -  /wallet/show-wallet - 401: could not validate the credentials!   - Invalid token  
2024-10-18 06:16:50,961 - INFO -  /wallet/balance - 401: Could not validate the credentials 
2024-10-18 06:16:56,392 - INFO -  /auth/signup - 409: Username already exists! 
2024-10-18 06:17:48,283 - INFO -  /auth/login - 201 - user : [user16] logged in   
2024-10-18 06:17:59,372 - INFO -  /auth/signup - 409: Username already exists! 
2024-10-18 06:18:16,629 - INFO -  /auth/signup - 409: Username already exists! 
2024-10-18 06:18:35,065 - INFO -  /auth/signup - 500: Internal Server Error  
2024-10-18 06:18:46,584 - INFO -  /wallet/balance - 401: Could not validate the credentials 
2024-10-18 06:18:49,502 - INFO -  /wallet/show-wallet - 401: could not validate the credentials!    
2024-10-18 06:18:53,239 - INFO -  /wallet/balance - 401: Could not validate the credentials 
2024-10-18 06:18:59,756 - INFO -  /auth/signup - 500: Internal Server Error  
2024-10-18 06:21:09,366 - INFO -  /wallet/show-wallet - 401: could not validate the credentials!    
2024-10-18 06:23:36,208 - INFO -  /wallet/show-wallet - 401: could not validate the credentials!    
2024-10-18 06:26:10,024 - INFO -  /wallet/show-wallet - 401: could not validate the credentials!    
2024-10-18 06:26:58,306 - INFO -  /wallet/show-wallet - 401: could not validate the credentials!    
2024-10-18 06:27:35,566 - INFO -  /wallet/show-wallet - 401: could not validate the credentials!    
2024-10-18 06:27:41,227 - INFO -  /wallet/send-amount - 401: could not validate the credentials!    
2024-10-18 06:27:45,082 - INFO -  /auth/login - 500: Internal Server Error  
2024-10-18 06:27:50,710 - INFO -  /auth/signup - 500: Internal Server Error  
2024-10-18 06:29:36,715 - INFO -  /auth/signup - 409: Username already exists! 
2024-10-18 06:30:11,722 - INFO -  /wallet/balance - 401: Could not validate the credentials 
2024-10-18 06:30:17,411 - INFO -  /auth/login - 201 - user : [user16] logged in   
2024-10-18 06:30:25,049 - INFO -  /wallet/balance - 200 - user: [user16]  
2024-10-18 06:30:30,887 - INFO -  /wallet/show-wallet - 200 - user [user16]  
2024-10-18 06:30:36,106 - INFO -  /wallet/send-amount - 403: User wallet is empty! 
2024-10-18 06:33:28,216 - INFO -  /auth/login - 201 - user : [user16] logged in   
2024-10-18 06:33:36,181 - INFO -  /auth/signup - 409: Username already exists! 
2024-10-18 06:33:46,639 - INFO -  /auth/signup - 201 - user: - [user17] - account created 
2024-10-18 06:33:57,210 - INFO -  /auth/login - 201 - user : [user16] logged in   
2024-10-18 06:49:56,503 - INFO -  /transactions/get-transaction/11 - 404: No records found with this transaction ID  
2024-10-18 06:50:10,720 - INFO -  /transactions/current-month - 404: No records found for the specified time!  
2024-10-18 06:50:18,406 - INFO -  /wallet/show-wallet - 200 - user [user16]  
2024-10-18 06:50:23,980 - INFO -  /transactions/get-by-month - 404: No records found for the specified time!  
2024-10-18 06:50:38,830 - INFO -  /transactions/top-transactions/100 - 404: No records found!  
2024-10-18 06:50:43,135 - INFO -  /transactions/last-transactions/1 - 404: No records found!  
2024-10-18 06:51:19,580 - INFO -  /transactions/last-transactions/1 - 500: Internal Server Error  
2024-10-18 06:51:30,133 - INFO -  /transactions/get-transaction/11 - 500: Internal Server Error  
2024-10-18 06:51:38,623 - INFO -  /transactions/top-transactions/100 - 500: Internal Server Error  
2024-10-18 06:51:41,370 - INFO -  /transactions/current-month - 500: Internal Server Error  
2024-10-18 06:54:00,710 - INFO -  /auth/login - 201 - user : [user16] logged in   
2024-10-18 06:54:04,880 - INFO -  /wallet/balance - 200 - user: [user16]  
2024-10-18 06:54:38,230 - INFO -  /auth/login - 201 - user : [ad123] logged in   
2024-10-18 06:54:44,733 - INFO -  /transactions/get-transaction/11 - 200 - user: [ad123]  
2024-10-18 06:54:52,132 - INFO -  /transactions/current-month - 200 - user: [ad123]  
2024-10-18 06:55:00,978 - INFO -  /transactions/last-transactions/1 - 200 - user: [ad123]  
2024-10-18 06:55:08,821 - INFO -  /transactions/top-transactions/100 - 200 - user: [ad123]  
2024-10-18 06:55:13,257 - INFO -  /transactions/get-by-month - 200 - user: [ad123]  
2024-10-18 06:55:18,560 - INFO -  /wallet/show-wallet - 200 - user [ad123]  
2024-10-18 06:55:24,903 - INFO -  /wallet/send-amount - 201 - user: [ad123] - amount: [100] - category:[chocolate] 
2024-10-18 06:55:35,105 - INFO -  /wallet/balance - 200 - user: [ad123]  
2024-10-18 06:55:39,989 - INFO -  /transactions/top-transactions/100 - 200 - user: [ad123]  
2024-10-18 07:10:35,410 - INFO -  /wallet/balance - 200 - user: [ad123]  
2024-10-18 07:11:13,220 - INFO -  /wallet/show-wallet - 200 - user [ad123]  
2024-10-18 07:11:19,161 - INFO -  /transactions/get-transaction/11 - 200 - user: [ad123]  
2024-10-18 07:11:24,664 - INFO -  /transactions/last-transactions/1 - 200 - user: [ad123]  
2024-10-18 07:12:08,301 - ERROR -  /transactions/last-transactions/1 - 500: Internal Server Error  
2024-10-18 07:12:17,751 - ERROR -  /transactions/current-month - 500: Internal Server Error  
2024-10-18 07:12:22,551 - ERROR -  /wallet/show-wallet - 500: Internal Server Error 
2024-10-18 07:12:24,871 - ERROR -  /auth/signup - 500: Internal Server Error  
2024-10-18 07:12:26,691 - INFO -  /wallet/balance - 401: Could not validate the credentials 
2024-10-18 07:12:39,209 - ERROR -  /auth/login - 500: Internal Server Error  
2024-10-18 07:12:43,767 - ERROR -  /auth/signup - 500: Internal Server Error  
2024-10-18 07:12:48,769 - INFO -  /wallet/balance - 401: Could not validate the credentials 
2024-10-18 07:12:59,753 - INFO -  /wallet/show-wallet - 401: could not validate the credentials!    
2024-10-18 07:13:11,601 - ERROR -  /auth/login - 500: Internal Server Error  
2024-10-18 07:13:51,096 - ERROR -  /auth/login - 500: Internal Server Error  
2024-10-18 07:13:53,038 - ERROR -  /auth/login - 500: Internal Server Error  
2024-10-18 07:14:10,832 - INFO -  /auth/login - 201 - user : [ad123] logged in   
2024-10-18 07:25:14,420 - INFO -  /wallet/show-wallet - 200 - user [ad123]  
2024-10-18 07:25:17,958 - INFO -  /wallet/show-wallet - 200 - user [ad123]  
2024-10-18 07:25:21,243 - INFO -  /wallet/send-amount - 201 - user: [ad123] - amount: [100] - category:[chocolate] 
2024-10-18 07:27:28,844 - INFO -  /wallet/send-amount - 201 - user: [ad123] - amount: [100] - category:[chocolate] 
2024-10-18 07:33:11,217 - INFO -  /wallet/send-amount - 201 - user: [ad123] - amount: [100] - category:[chocolate] 
2024-10-18 07:33:15,722 - INFO -  /transactions/current-month - 200 - user: [ad123]  
2024-10-18 07:33:46,914 - INFO -  /auth/login - 201 - user : [user16] logged in   
2024-10-18 07:33:50,989 - INFO -  /wallet/balance - 200 - user: [user16]  
2024-10-18 07:34:06,328 - INFO -  /transactions/get-transaction/11 - 404: No records found with this transaction ID  
2024-10-18 07:34:26,191 - INFO -  /transactions/get-transaction/11 - 404: No records found with this transaction ID  
2024-10-18 07:42:53,770 - INFO -  /transactions/current-month - 200 - user: [user16]  
2024-10-18 07:43:32,406 - INFO -  /transactions/current-month - 200 - user: [user16]  
2024-10-18 07:44:06,152 - INFO -  /transactions/last-transactions/1 - 200 - user: [user16]  
2024-10-18 09:05:39,074 - INFO -  /wallet/show-wallet - 401: could not validate the credentials!    
2024-10-18 09:05:52,327 - INFO -  /wallet/send-amount - 401: could not validate the credentials!    
2024-10-18 09:05:56,013 - INFO -  /transactions/get-transaction/11 - 401: Could not validate the credentials - Invalid Token  
2024-10-18 09:05:59,586 - INFO -  /transactions/current-month - 401: Could not validate the credentials- Invalid token   
2024-10-18 09:06:02,461 - INFO -  /transactions/last-transactions/1 - 401: Could not validate the credentials  
2024-10-18 09:06:05,671 - INFO -  /transactions/top-transactions/100 - 401: Could not validate the credentials - Invalid Token   
2024-10-18 09:06:08,502 - INFO -  /transactions/get-by-month - 401: Could not validate the credentials- Invalid token   
2024-10-18 09:06:41,455 - INFO -  /wallet/show-wallet - 401: could not validate the credentials!    
2024-10-18 09:06:51,345 - INFO -  /transactions/current-month - 401: Could not validate the credentials- Invalid token   
2024-10-18 09:07:10,372 - INFO -  /auth/signup - 409: Username already exists! 
2024-10-18 09:07:17,722 - INFO -  /auth/login - 201 - user : [user16] logged in   
2024-10-18 09:07:29,531 - INFO -  /wallet/balance - 200 - user: [user16]  
2024-10-18 09:07:32,544 - INFO -  /wallet/show-wallet - 200 - user [user16]  
2024-10-18 09:07:36,592 - INFO -  /wallet/send-amount - 403: User wallet is empty! 
2024-10-18 09:07:44,834 - INFO -  /transactions/get-transaction/11 - 200: No records found with this transaction ID  
2024-10-18 09:07:53,375 - INFO -  /transactions/current-month - 200 - user: [user16]  
2024-10-18 09:07:58,781 - INFO -  /transactions/last-transactions/1 - 200 - user: [user16]  
2024-10-18 09:08:05,419 - INFO -  /transactions/top-transactions/100 - 200 - user: [user16]  
2024-10-18 09:08:11,042 - INFO -  /transactions/get-by-month - 200 - user: [user16]  
2024-10-18 09:09:53,337 - INFO -  /auth/login - 201 - user : [ad123] logged in   
2024-10-18 09:10:00,047 - INFO -  /wallet/send-amount - 201 - user: [ad123] - amount: [100] - category:[chocolate] 
2024-10-18 09:10:11,609 - INFO -  /transactions/get-transaction/11 - 200 - user: [ad123]  
2024-10-18 09:19:39,026 - INFO -  /transactions/get-transaction/11 - 200 - user: [ad123]  
2024-10-18 09:25:54,590 - INFO -  /transactions/get-transaction/11 - 200 - user: [ad123]  
2024-10-18 10:02:16,662 - INFO -  /auth/login - 201 - user : [ad123] logged in   
2024-10-18 10:02:33,394 - INFO -  /transactions/11 - 200 - user: [ad123]  
2024-10-18 10:02:37,916 - INFO -  /transactions/current-month - 200 - user: [ad123]  
2024-10-18 10:02:41,753 - INFO -  /transactions/last/1 - 200 - user: [ad123]  
2024-10-18 10:02:48,845 - INFO -  /transactions/top/100 - 200 - user: [ad123]  
2024-10-18 10:02:52,481 - INFO -  /transactions/month - 200 - user: [ad123]  
2024-10-18 10:03:03,253 - INFO -  /wallet/balance - 200 - user: [ad123]  
2024-10-18 10:03:07,061 - INFO -  /wallet/ - 200 - user [ad123]  
2024-10-18 10:03:21,672 - INFO -  /wallet/send - 201 - user: [ad123] - amount: [100] - category:[chocolate] 
2024-10-18 10:15:36,779 - INFO -  /auth/login - 201 - user : [ad123] logged in   
2024-10-18 10:15:56,127 - INFO -  /wallet/balance - 200 - user: [ad123]  
2024-10-18 10:16:00,122 - INFO -  /wallet/ - 200 - user [ad123]  
2024-10-18 10:16:20,941 - INFO -  /wallet/send - 201 - user: [ad123] - amount: [100] - category:[chocolate] 
2024-10-18 10:16:39,158 - INFO -  /transactions/11 - 200 - user: [ad123]  
2024-10-18 10:16:43,917 - INFO -  /transactions/current-month - 200 - user: [ad123]  
2024-10-18 10:24:51,873 - INFO -  /auth/login - 201 - user : [user16] logged in   
2024-10-18 10:25:27,169 - INFO -  /transactions/last/1 - 200 - user: [user16]  
2024-10-18 10:45:54,051 - INFO -  /transactions/month - 401: Could not validate the credentials- Invalid token   
2024-10-18 10:45:57,365 - INFO -  /auth/login - 201 - user : [user16] logged in   
2024-10-18 10:45:59,160 - INFO -  /transactions/month - 200 - user: [user16]  
2024-10-18 10:46:07,147 - INFO -  /transactions/current-month - 200 - user: [user16]  
2024-10-18 10:48:53,338 - INFO -  /transactions/current-month - 200 - user: [user16]  
2024-10-18 10:49:05,896 - INFO -  /auth/login - 201 - user : [ad123] logged in   
2024-10-18 10:49:11,709 - INFO -  /transactions/11 - 200 - user: [ad123]  
2024-10-18 10:49:14,598 - INFO -  /wallet/balance - 200 - user: [ad123]  
2024-10-18 10:49:17,870 - INFO -  /wallet/ - 200 - user [ad123]  
2024-10-18 10:49:21,581 - INFO -  /wallet/send - 201 - user: [ad123] - amount: [100] - category:[chocolate] 
2024-10-18 11:31:53,318 - INFO -  /transactions/show - 401: Could not validate the credentials - Invalid Token   
2024-10-18 11:31:57,432 - INFO -  /auth/login - 201 - user : [ad123] logged in   
2024-10-18 11:32:01,161 - INFO -  /transactions/show - 200 - user: [ad123]  
2024-10-18 11:33:12,357 - INFO -  /transactions/show - 200 - user: [ad123]  
2024-10-18 11:33:29,436 - INFO -  /transactions/show - 200 - user: [ad123]  
2024-10-18 11:33:34,441 - INFO -  /transactions/show - 200 - user: [ad123]  
2024-10-18 11:33:36,724 - INFO -  /transactions/show - 200 - user: [ad123]  
2024-10-18 11:42:16,791 - INFO -  /transactions/month - 200 - user: [ad123]  
2024-10-18 11:42:21,216 - INFO -  /transactions/month - 200 - user: [ad123]  
2024-10-18 11:51:23,068 - INFO -  /transactions/month - 200 - user: [ad123]  
2024-10-18 11:51:44,185 - INFO -  /transactions/month - 400: Invalid month and year entered!  
2024-10-18 11:52:19,055 - INFO -  /transactions/month - 401: Could not validate the credentials- Invalid token   
2024-10-18 11:52:22,797 - INFO -  /auth/login - 201 - user : [ad123] logged in   
2024-10-18 11:52:24,459 - INFO -  /transactions/month - 400: Invalid month and year entered!  
2024-10-18 11:53:58,419 - INFO -  /transactions/month - 200 - user: [ad123]  
2024-10-18 11:54:23,264 - INFO -  /transactions/month - 200 - user: [ad123]  
2024-10-18 11:54:30,178 - INFO -  /transactions/month - 200 - user: [ad123]  
2024-10-18 11:54:41,075 - INFO -  /transactions/month - 200 - user: [ad123]  
2024-10-18 11:54:45,902 - INFO -  /transactions/month - 200 - user: [ad123]  
2024-10-18 11:54:51,750 - INFO -  /transactions/month - 200 - user: [ad123]  
2024-10-18 11:54:57,795 - INFO -  /transactions/month - 200 - user: [ad123]  
2024-10-18 11:55:00,465 - INFO -  /transactions/month - 200 - user: [ad123]  
2024-10-18 13:11:31,569 - INFO -  /auth/login - 201 - user : [ad123] logged in   
2024-10-18 13:11:35,460 - INFO -  /transactions/month - 200 - user: [ad123]  
2024-10-18 13:11:47,022 - INFO -  /transactions/month - 200 - user: [ad123]  
2024-10-18 13:12:11,656 - INFO -  /transactions/show - 200 - user: [ad123]  
2024-10-18 13:12:30,716 - INFO -  /transactions/1 - 200 - user: [ad123]  
2024-10-18 13:13:32,170 - INFO -  /wallet/send - 400: Receiver does not exist  
2024-10-18 13:13:32,170 - INFO -  /wallet/send - 400: Receiver does not exist  
2024-10-18 13:13:37,599 - INFO -  /wallet/send - 400: Receiver does not exist  
2024-10-18 13:13:37,599 - INFO -  /wallet/send - 400: Receiver does not exist  
2024-10-18 13:13:39,461 - INFO -  /wallet/send - 400: Receiver does not exist  
2024-10-18 13:13:39,461 - INFO -  /wallet/send - 400: Receiver does not exist  
2024-10-18 13:13:45,837 - INFO -  /wallet/send - 400: Receiver does not exist  
2024-10-18 13:13:45,837 - INFO -  /wallet/send - 400: Receiver does not exist  
2024-10-18 13:13:56,489 - INFO -  /wallet/send - 400: Receiver does not exist  
2024-10-18 13:13:56,489 - INFO -  /wallet/send - 400: Receiver does not exist  
2024-10-18 13:15:33,367 - INFO -  /wallet/send - 201 - user: [ad123] - amount: [10] - category:[zomato] 
2024-10-18 13:19:44,317 - INFO -  /transactions/month - 401: Could not validate the credentials- Invalid token   
2024-10-18 13:19:45,458 - INFO -  /transactions/month - 401: Could not validate the credentials- Invalid token   
2024-10-18 13:19:57,167 - INFO -  /auth/login - 201 - user : [ad123] logged in   
2024-10-18 13:20:10,518 - INFO -  /wallet/balance - 200 - user: [ad123]  
2024-10-18 13:20:15,661 - INFO -  /wallet/ - 200 - user [ad123]  
2024-10-18 13:20:22,770 - INFO -  /wallet/send - 201 - user: [ad123] - amount: [1] - category:[chocolate] 
2024-10-18 13:22:00,948 - INFO -  /wallet/send - 201 - user: [ad123] - amount: [1] - category:[chocolate] 
2024-10-18 13:22:04,101 - INFO -  /wallet/send - 201 - user: [ad123] - amount: [1] - category:[chocolate] 
2024-10-18 13:22:05,294 - INFO -  /wallet/send - 201 - user: [ad123] - amount: [1] - category:[chocolate] 
2024-10-18 13:25:28,625 - INFO -  /auth/login - 201 - user : [user12] logged in   
2024-10-18 13:25:32,262 - INFO -  /wallet/balance - 200 - user: [user12]  
2024-10-18 13:25:35,148 - INFO -  /wallet/ - 200 - user [user12]  
2024-10-18 13:25:56,335 - INFO -  /wallet/send - 201 - user: [user12] - amount: [10000] - category:[topup balance] 
2024-10-18 13:27:04,258 - INFO -  /transactions/show - 200 - user: [user12]  
2024-10-18 13:27:45,040 - INFO -  /transactions/show - 200 - user: [user12]  
2024-10-18 13:28:37,803 - INFO -  /transactions/show - 200 - user: [user12]  
2024-10-18 13:28:48,160 - INFO -  /wallet/ - 200 - user [user12]  
2024-10-18 13:29:01,545 - INFO -  /auth/login - 201 - user : [ad123] logged in   
2024-10-18 13:29:15,820 - INFO -  /wallet/ - 200 - user [ad123]  
2024-10-18 13:29:37,374 - INFO -  /wallet/ - 200 - user [ad123]  
2024-10-18 13:30:12,099 - INFO -  /wallet/send - 403: Cannot transfer to the same account wallet!  
2024-10-18 13:30:19,098 - INFO -  /wallet/send - 400: Receiver does not exist  
2024-10-18 13:30:19,098 - INFO -  /wallet/send - 400: Receiver does not exist  
2024-10-18 13:30:22,739 - INFO -  /wallet/send - 201 - user: [ad123] - amount: [150] - category:[dedh sau rupiya dega] 
2024-10-18 13:35:32,347 - INFO -  /transactions/show - 200 - user: [ad123]  
2024-10-18 13:35:36,088 - INFO -  /transactions/month - 200 - user: [ad123]  
2024-10-18 13:35:49,566 - INFO -  /transactions/11 - 200 - user: [ad123]  
2024-10-18 13:47:36,416 - INFO -  /auth/login - 201 - user : [ad123] logged in   
2024-10-18 13:47:40,676 - INFO -  /wallet/balance - 200 - user: [ad123]  
2024-10-18 13:47:43,902 - INFO -  /wallet/ - 200 - user [ad123]  
2024-10-18 13:47:50,610 - INFO -  /wallet/send - 201 - user: [ad123] - amount: [150] - category:[pani] 
2024-10-18 13:48:09,387 - INFO -  /transactions/11 - 200 - user: [ad123]  
2024-10-18 13:48:12,921 - INFO -  /transactions/month - 200 - user: [ad123]  
2024-10-18 13:48:19,952 - INFO -  /transactions/show - 200 - user: [ad123]  
2024-10-18 14:33:19,847 - INFO -  /transactions/show - 401: Could not validate the credentials - Invalid Token   
2024-10-18 14:33:23,922 - INFO -  /auth/login - 201 - user : [ad123] logged in   
2024-10-18 14:33:26,823 - INFO -  /wallet/ - 200 - user [ad123]  
2024-10-18 14:33:30,781 - INFO -  /wallet/send - 201 - user: [ad123] - amount: [150] - category:[pani] 
2024-10-18 14:33:37,487 - INFO -  /transactions/11 - 200 - user: [ad123]  
2024-10-18 14:35:34,528 - INFO -  /transactions/show - 200 - user: [ad123]  
2024-10-18 14:35:38,336 - INFO -  /transactions/month - 200 - user: [ad123]  
2024-10-18 14:35:41,258 - INFO -  /transactions/11 - 200 - user: [ad123]  
2024-10-18 14:35:44,093 - INFO -  /wallet/ - 200 - user [ad123]  
2024-10-18 14:35:46,141 - INFO -  /wallet/balance - 200 - user: [ad123]  
2024-10-18 14:35:49,883 - INFO -  /auth/signup - 409: Username already exists! 
2024-10-18 14:47:36,460 - INFO -  /auth/signup - 409: Username already exists! 
2024-10-18 14:47:40,117 - INFO -  /auth/login - 201 - user : [ad123] logged in   
2024-10-18 14:47:58,574 - INFO -  /wallet/ - 200 - user [ad123]  
2024-10-18 14:48:00,339 - INFO -  /wallet/send - 201 - user: [ad123] - amount: [150] - category:[pani] 
2024-10-18 15:17:26,948 - INFO -  /wallet/balance - 401: Could not validate the credentials 
2024-10-18 15:17:32,693 - INFO -  /auth/login - 201 - user : [ad123] logged in   
2024-10-18 15:17:35,246 - INFO -  /auth/signup - 409: Username already exists! 
2024-10-18 15:17:38,077 - INFO -  /wallet/balance - 401: Could not validate the credentials 
2024-10-18 15:17:42,872 - INFO -  /auth/signup - 409: Username already exists! 
2024-10-18 15:17:45,164 - INFO -  /wallet/balance - 401: Could not validate the credentials 
2024-10-18 15:17:48,006 - INFO -  /auth/login - 201 - user : [ad123] logged in   
2024-10-18 15:17:50,282 - INFO -  /wallet/ - 200 - user [ad123]  
2024-10-18 15:17:52,748 - INFO -  /wallet/balance - 200 - user: [ad123]  
2024-10-18 15:17:57,047 - INFO -  /wallet/send - 201 - user: [ad123] - amount: [150] - category:[pani] 
2024-10-18 15:22:30,457 - INFO -  /wallet/send - 201 - user: [ad123] - amount: [150] - category:[pani] 
2024-10-18 15:22:33,596 - INFO -  /transactions/11 - 200 - user: [ad123]  
2024-10-18 15:22:36,009 - INFO -  /transactions/month - 200 - user: [ad123]  
2024-10-18 15:22:44,033 - INFO -  /transactions/show - 200 - user: [ad123]  
2024-10-18 15:23:24,449 - INFO -  /transactions/month - 200 - user: [ad123]  
2024-10-18 15:23:31,354 - INFO -  /transactions/11 - 200 - user: [ad123]  
2024-10-18 15:23:39,688 - INFO -  /wallet/ - 200 - user [ad123]  
2024-10-18 15:23:42,223 - INFO -  /wallet/balance - 200 - user: [ad123]  
2024-10-18 15:23:45,518 - INFO -  /auth/login - 201 - user : [ad123] logged in   
2024-10-18 15:23:47,744 - INFO -  /auth/signup - 409: Username already exists! 
2024-10-18 15:24:43,397 - INFO -  /auth/signup - 409: Username already exists! 
2024-10-18 15:24:54,829 - INFO -  /wallet/balance - 200 - user: [ad123]  
2024-10-18 15:24:58,722 - INFO -  /wallet/ - 200 - user [ad123]  
2024-10-18 15:25:02,454 - INFO -  /wallet/send - 201 - user: [ad123] - amount: [150] - category:[pani] 
2024-10-18 15:25:05,785 - INFO -  /auth/signup - 409: Username already exists! 
2024-10-18 15:25:12,180 - INFO -  /wallet/ - 200 - user [ad123]  
2024-10-18 15:26:02,543 - INFO -  /wallet/ - 200 - user [ad123]  
2024-10-18 15:26:06,825 - INFO -  /auth/signup - 409: Username already exists! 
2024-10-18 15:26:10,309 - INFO -  /auth/login - 201 - user : [ad123] logged in   
2024-10-21 14:47:21,953 - INFO -  /auth/login - 201 - user : [ad123] logged in   
2024-10-21 14:48:41,722 - INFO -  /auth/login - 201 - user : [ad123] logged in   
2024-10-21 14:57:44,760 - INFO -  /wallet/balance - 401: Could not validate the credentials 
2024-10-21 14:57:52,505 - INFO -  /auth/login - 201 - user : [ad123] logged in   
2024-10-21 14:57:55,140 - INFO -  /wallet/balance - 401: Could not validate the credentials 
2024-10-21 14:57:56,902 - INFO -  /wallet/balance - 401: Could not validate the credentials 
2024-10-21 14:58:20,901 - INFO -  /wallet/balance - 401: Could not validate the credentials 
2024-10-21 14:58:46,578 - INFO -  /wallet/balance - 401: Could not validate the credentials 
2024-10-21 14:59:27,058 - INFO -  /wallet/balance - 401: Could not validate the credentialsss 
2024-10-21 14:59:53,014 - INFO -  /wallet/balance - 401: Could not validate the credentialsss 
2024-10-21 15:02:03,844 - INFO -  /wallet/balance - 401: Could not validate the credentialsss 
2024-10-21 15:02:10,258 - INFO -  /auth/login - 201 - user : [ad123] logged in   
2024-10-21 15:02:12,716 - INFO -  /wallet/balance - 401: Could not validate the credentialsss 
2024-10-21 15:02:24,488 - INFO -  /auth/login - 201 - user : [ad123] logged in   
2024-10-21 15:02:26,297 - INFO -  /wallet/balance - 401: Could not validate the credentialsss 
2024-10-21 15:04:56,191 - INFO -  /wallet/balance - 401: Could not validate the credentialsss 
2024-10-21 15:06:27,070 - INFO -  /wallet/balance - 401: Could not validate the credentialsss 
2024-10-21 15:06:34,805 - INFO -  /auth/login - 201 - user : [ad123] logged in   
2024-10-21 15:06:36,965 - INFO -  /wallet/balance - 401: Could not validate the credentialsss 
2024-10-21 15:07:43,493 - INFO -  /wallet/balance - 401: Could not validate the credentialsss 
2024-10-21 15:08:11,370 - INFO -  /auth/signup - 409: Username already exists! 
2024-10-21 15:08:31,692 - INFO -  /auth/signup - 201 - user: - [user18] - account created 
2024-10-21 15:12:20,198 - INFO -  /wallet/balance - 401: Could not validate the credentialsss 
2024-10-21 15:20:28,238 - INFO -  /auth/login - 201 - user : [ad123] logged in   
2024-10-21 15:20:31,477 - INFO -  /wallet/balance - 401: Could not validate the credentialsss 
2024-10-21 15:26:47,758 - INFO -  /wallet/balance - 401: Could not validate the credentialsss 
2024-10-21 15:29:19,768 - INFO -  /transactions/show - 401: Could not validate the credentials - Invalid Token   
2024-10-21 15:29:23,211 - INFO -  /transactions/11 - 401: Could not validate the credentials - Invalid Token  
2024-10-21 15:29:33,906 - INFO -  /auth/login - 201 - user : [ad123] logged in   
2024-10-21 15:30:19,889 - INFO -  /auth/login - 201 - user : [ad123] logged in   
2024-10-21 15:30:53,087 - INFO -  /auth/login - 201 - user : [ad123] logged in   
2024-10-21 15:31:20,762 - INFO -  /auth/login - 201 - user : [ad123] logged in   
2024-10-21 15:32:11,543 - INFO -  /auth/login - 201 - user : [ad123] logged in   
2024-10-21 15:32:47,692 - INFO -  /auth/login - 201 - user : [ad123] logged in   
2024-10-21 15:32:59,771 - INFO -  /auth/login - 201 - user : [ad123] logged in   
2024-10-21 15:33:01,607 - INFO -  /auth/login - 201 - user : [ad123] logged in   
2024-10-21 15:33:13,981 - INFO -  /auth/login - 201 - user : [ad123] logged in   
2024-10-21 15:33:16,385 - INFO -  /wallet/balance - 200 - user: [ad123]  
2024-10-21 15:33:20,185 - INFO -  /wallet/ - 200 - user [ad123]  
2024-10-21 15:33:25,898 - INFO -  /wallet/send - 201 - user: [ad123] - amount: [150] - category:[pani] 
2024-10-21 15:33:28,397 - INFO -  /transactions/show - 200 - user: [ad123]  
2024-10-21 15:33:31,119 - INFO -  /transactions/11 - 200 - user: [ad123]  
2024-10-21 15:33:33,343 - INFO -  /transactions/month - 200 - user: [ad123]  
2024-10-21 15:54:56,512 - INFO -  /auth/login - 201 - user : [ad123] logged in   
2024-10-21 15:55:00,083 - INFO -  /wallet/balance - 200 - user: [ad123]  
2024-10-21 15:55:03,815 - INFO -  /wallet/ - 200 - user [ad123]  
2024-10-21 15:55:07,226 - INFO -  /wallet/send - 201 - user: [ad123] - amount: [150] - category:[pani] 
2024-10-21 15:55:15,509 - INFO -  /wallet/send - 403: User wallet balance is low for the transaction  
2024-10-21 15:55:31,229 - INFO -  /wallet/send - 201 - user: [ad123] - amount: [100] - category:[pani] 
2024-10-21 15:55:36,102 - INFO -  /transactions/show - 200 - user: [ad123]  
2024-10-21 15:55:38,054 - INFO -  /transactions/11 - 200 - user: [ad123]  
2024-10-21 15:55:41,550 - INFO -  /transactions/month - 200 - user: [ad123]  
2024-10-21 15:56:11,208 - INFO -  /auth/signup - 409: Username already exists! 
2024-10-21 16:24:38,672 - ERROR -  /auth/login - 500: Internal Server Error  
2024-10-21 16:25:45,715 - ERROR -  /auth/login - 500: Internal Server Error  
2024-10-21 16:26:18,038 - ERROR -  /auth/login - 500: Internal Server Error  
2024-10-21 16:29:11,300 - ERROR -  /auth/login - 500: Internal Server Error  
2024-10-21 16:29:26,578 - ERROR -  /auth/login - 500: Internal Server Error  
2024-10-21 16:29:30,325 - ERROR -  /auth/signup - 500: Internal Server Error  
2024-10-21 16:29:34,843 - INFO -  /wallet/balance - 401: Could not validate the credentials 
2024-10-21 16:29:41,191 - ERROR -  /auth/login - 500: Internal Server Error  
2024-10-21 16:31:57,769 - ERROR -  /auth/login - 500: Internal Server Error  
2024-10-21 16:33:27,957 - ERROR -  /auth/login - 500: Internal Server Error  
2024-10-21 16:33:30,849 - ERROR -  /auth/login - 500: Internal Server Error  
2024-10-21 16:33:48,441 - ERROR -  /auth/login - 500: Internal Server Error  
2024-10-21 16:35:23,060 - ERROR -  /auth/login - 500: Internal Server Error  
2024-10-21 16:35:59,001 - ERROR -  /auth/login - 500: Internal Server Error  
2024-10-21 16:36:26,151 - ERROR -  /auth/login - 500: Internal Server Error  
2024-10-21 16:36:39,190 - ERROR -  /auth/login - 500: Internal Server Error  
2024-10-21 16:36:55,714 - ERROR -  /auth/login - 500: Internal Server Error  
2024-10-21 16:37:09,183 - ERROR -  /auth/login - 500: Internal Server Error  
2024-10-21 16:38:24,723 - ERROR -  /auth/login - 500: Internal Server Error  
2024-10-21 16:38:32,247 - ERROR -  /auth/login - 500: Internal Server Error  
2024-10-21 16:38:45,247 - ERROR -  /auth/login - 500: Internal Server Error  
2024-10-21 16:39:26,332 - ERROR -  /auth/login - 500: Internal Server Error  
2024-10-21 16:39:46,103 - INFO -  /auth/login - 201 - user : [ad123] logged in   
2024-10-21 16:41:00,236 - INFO -  /auth/login - 201 - user : [ad123] logged in   
2024-10-21 16:41:40,435 - INFO -  /auth/login - 201 - user : [ad123] logged in   
2024-10-21 16:41:54,891 - INFO -  /auth/login - 201 - user : [ad123] logged in   
2024-10-21 16:42:44,996 - ERROR -  /auth/login - 500: Internal Server Error  
2024-10-21 17:37:27,221 - INFO -  /auth/login - 201 - user : [ad123] logged in   
2024-10-21 17:37:30,677 - INFO -  /auth/signup - 409: Username already exists 
2024-10-21 17:37:33,611 - INFO -  /wallet/balance - 200 - user: [ad123]  
2024-10-21 17:37:36,652 - INFO -  /wallet/ - 200 - user [ad123]  
2024-10-21 17:37:39,137 - INFO -  /wallet/send - 201 - user: [ad123] - amount: [100] - category:[pani] 
2024-10-21 17:37:41,014 - INFO -  /transactions/show - 200 - user: [ad123]  
2024-10-21 17:37:42,710 - INFO -  /transactions/11 - 200 - user: [ad123]  
2024-10-21 17:37:45,111 - INFO -  /transactions/month - 200 - user: [ad123]  
2024-10-21 17:55:49,186 - INFO -  /auth/login - 201 - user : [ad123] logged in   
2024-10-21 17:55:52,078 - INFO -  /auth/signup - 409: Username already exists 
2024-10-21 17:55:54,021 - INFO -  /auth/signup - 409: Username already exists 
2024-10-21 17:55:55,961 - INFO -  /wallet/balance - 200 - user: [ad123]  
2024-10-21 17:55:58,337 - INFO -  /wallet/ - 200 - user [ad123]  
2024-10-21 17:56:00,669 - INFO -  /wallet/send - 201 - user: [ad123] - amount: [100] - category:[pani] 
2024-10-21 17:56:03,946 - INFO -  /transactions/show - 200 - user: [ad123]  
2024-10-21 17:56:05,909 - INFO -  /transactions/11 - 200 - user: [ad123]  
2024-10-21 17:56:07,995 - INFO -  /transactions/month - 200 - user: [ad123]  
2024-10-21 17:57:20,080 - INFO -  /transactions/month - 200 - user: [ad123]  
2024-10-21 18:01:51,178 - INFO -  /transactions/month - 200 - user: [ad123]  
2024-10-21 18:01:54,858 - INFO -  /wallet/ - 200 - user [ad123]  
2024-10-21 18:02:08,130 - INFO -  /transactions/11 - 200 - user: [ad123]  
2024-10-21 18:02:10,157 - INFO -  /transactions/11 - 200 - user: [ad123]  
2024-10-21 18:03:26,241 - INFO -  /transactions/11 - 200 - user: [ad123]  
2024-10-22 02:41:40,578 - INFO -  /transactions/show - 401: Could not validate the credentials  
2024-10-22 02:42:48,364 - INFO -  /transactions/show - 401: Could not validate the credentials  
2024-10-22 02:44:08,397 - INFO -  /transactions/show - 401: Could not validate the credentials  
2024-10-22 02:44:43,313 - INFO -  /transactions/show - 401: Could not validate the credentials  
2024-10-22 02:44:59,792 - INFO -  /transactions/show - 401: Could not validate the credentials  
2024-10-22 02:45:56,316 - INFO -  /transactions/show - 401: Could not validate the credentials  
2024-10-22 02:46:40,409 - INFO -  /wallet/send - 401: could not validate the credentials!    
2024-10-22 02:46:55,534 - INFO -  /auth/login - 201 - user : [ad123] logged in   
2024-10-22 02:46:58,438 - INFO -  /wallet/balance - 200 - user: [ad123]  
2024-10-22 02:47:03,026 - INFO -  /wallet/ - 200 - user [ad123]  
2024-10-22 02:48:03,529 - INFO -  /transactions/show - 200 - user: [ad123]  
2024-10-22 02:48:06,397 - INFO -  /transactions/11 - 200 - user: [ad123]  
2024-10-22 02:48:13,137 - INFO -  /transactions/month - 200 - user: [ad123]  
2024-10-22 02:48:17,886 - INFO -  /wallet/send - 201 - user: [ad123] - amount: [100] - category:[pani] 
2024-10-22 02:48:20,952 - INFO -  /wallet/ - 200 - user [ad123]  
2024-10-22 02:48:25,544 - INFO -  /wallet/balance - 200 - user: [ad123]  
2024-10-22 02:50:33,566 - INFO -  /wallet/balance - 200 - user: [ad123]  
2024-10-22 02:51:10,404 - INFO -  /wallet/balance - 200 - user: [ad123]  
2024-10-22 02:53:00,721 - INFO -  /wallet/ - 200 - user [ad123]  
2024-10-22 02:55:32,006 - INFO -  /wallet/send - 201 - user: [ad123] - amount: [100] - category:[pani] 
2024-10-22 02:56:03,848 - INFO -  /wallet/send - 201 - user: [ad123] - amount: [100] - category:[pani] 
2024-10-22 02:57:33,209 - INFO -  /auth/login - 201 - user : [ad123] logged in   
2024-10-22 02:58:12,644 - INFO -  /auth/signup - 409: Username already exists 
2024-10-22 02:58:24,298 - INFO -  /auth/signup - 201 - user: - [user19] - account created 
2024-10-22 02:58:41,859 - INFO -  /wallet/balance - 200 - user: [ad123]  
2024-10-22 02:58:44,665 - INFO -  /wallet/balance - 200 - user: [ad123]  
2024-10-22 02:58:45,437 - INFO -  /wallet/balance - 200 - user: [ad123]  
2024-10-22 02:58:49,305 - INFO -  /auth/signup - 409: Username already exists 
2024-10-22 02:58:55,461 - INFO -  /wallet/balance - 200 - user: [ad123]  
2024-10-22 03:04:52,083 - INFO -  /auth/login - 201 - user : [ad123] logged in   
2024-10-22 03:05:46,263 - ERROR -  /auth/login - 500: Internal Server Error  
2024-10-22 03:06:14,080 - INFO -  /auth/login - 201 - user : [ad123] logged in   
2024-10-22 03:07:02,626 - INFO -  /auth/signup - 409: Username already exists 
2024-10-22 03:07:14,203 - INFO -  /auth/signup - 201 - user: - [user199] - account created 
2024-10-22 03:08:05,612 - INFO -  /auth/signup - 201 - user: - [user20] - account created 
2024-10-22 03:08:35,924 - INFO -  /auth/signup - 409: Username already exists 
2024-10-22 03:08:47,603 - INFO -  /auth/signup - 201 - user: - [user21] - account created 
2024-10-22 03:53:38,519 - INFO -  /auth/signup - 409: Username already exists 
2024-10-22 03:54:05,811 - INFO -  /auth/signup - 201 - user: - [user22] - account created 
2024-10-22 03:54:50,550 - INFO -  /auth/signup - 409: Username already exists 
2024-10-22 03:55:10,324 - INFO -  /auth/signup - 201 - user: - [user23] - account created 
2024-10-22 03:56:11,876 - INFO -  /auth/signup - 409: Username already exists 
2024-10-22 03:56:21,280 - INFO -  /auth/signup - 409: Username already exists 
2024-10-22 03:56:30,406 - INFO -  /auth/signup - 201 - user: - [user24] - account created 
2024-10-22 03:56:53,887 - INFO -  /auth/signup - 409: Username already exists 
2024-10-22 03:57:05,593 - INFO -  /auth/signup - 201 - user: - [user25] - account created 
2024-10-22 03:58:03,443 - INFO -  /auth/signup - 409: Username already exists 
2024-10-22 03:58:15,199 - INFO -  /auth/signup - 201 - user: - [user26] - account created 
2024-10-22 04:00:59,407 - INFO -  /auth/signup - 409: Username already exists 
2024-10-22 04:01:30,849 - INFO -  /auth/signup - 409: Username already exists 
2024-10-22 04:01:33,892 - INFO -  /auth/signup - 409: Username already exists 
2024-10-22 04:01:44,259 - INFO -  /auth/signup - 409: Username already exists 
2024-10-22 04:01:45,635 - INFO -  /auth/signup - 409: Username already exists 
2024-10-22 04:02:42,411 - INFO -  /auth/signup - 201 - user: - [user29] - account created 
2024-10-22 04:02:50,029 - INFO -  /auth/login - 201 - user : [ad123] logged in   
2024-10-22 04:05:24,904 - INFO -  /auth/login - 201 - user : [ad123] logged in   
2024-10-22 04:05:25,714 - INFO -  /auth/signup - 201 - user: - [user30] - account created 
2024-10-22 04:06:07,998 - INFO -  /auth/login - 201 - user : [ad123] logged in   
2024-10-22 04:06:10,511 - INFO -  /auth/signup - 409: Username already exists 
2024-10-22 04:06:41,880 - INFO -  /auth/signup - 201 - user: - [user31] - account created 
2024-10-22 04:06:45,557 - INFO -  /auth/login - 201 - user : [ad123] logged in   
2024-10-22 04:06:49,462 - INFO -  /auth/signup - 201 - user: - [user32] - account created 
2024-10-22 04:06:52,941 - INFO -  /wallet/balance - 200 - user: [user32]  
2024-10-22 04:06:55,907 - INFO -  /wallet/ - 200 - user [user32]  
2024-10-22 04:06:58,000 - INFO -  /wallet/send - 403: User wallet is empty! 
2024-10-22 04:06:59,961 - INFO -  /transactions/show - 200 - user: [user32]  
2024-10-22 04:07:02,523 - INFO -  /transactions/11 - 200: OK  
2024-10-22 04:07:05,544 - INFO -  /transactions/month - 200 - user: [user32]  
2024-10-22 04:07:32,886 - INFO -  /auth/login - 201 - user : [ad123] logged in   
2024-10-22 04:07:33,042 - INFO -  /auth/signup - 409: Username already exists 
2024-10-22 04:07:57,984 - INFO -  /wallet/balance - 200 - user: [user32]  
2024-10-22 04:09:58,088 - INFO -  /auth/login - 201 - user : [ad123] logged in   
2024-10-22 04:09:58,452 - INFO -  /auth/signup - 201 - user: - [user33] - account created 
2024-10-22 04:09:58,533 - INFO -  /wallet/balance - 200 - user: [user33]  
2024-10-22 04:09:58,596 - INFO -  /wallet/ - 200 - user [user33]  
2024-10-22 04:09:58,672 - INFO -  /wallet/send - 403: User wallet is empty! 
2024-10-22 04:09:58,754 - INFO -  /transactions/show - 200 - user: [user33]  
2024-10-22 04:09:58,855 - INFO -  /transactions/11 - 200: OK  
2024-10-22 04:09:58,914 - INFO -  /transactions/month - 200 - user: [user33]  
2024-10-22 04:54:56,839 - INFO -  /auth/login - 201 - user : [ad123] logged in   
2024-10-22 04:55:01,017 - INFO -  /wallet/send - 401: could not validate the credentials!    
2024-10-22 04:55:05,653 - INFO -  /auth/login - 201 - user : [ad123] logged in   
2024-10-22 04:55:10,697 - INFO -  /wallet/send - 401: could not validate the credentials!    
2024-10-22 04:56:28,664 - INFO -  /auth/login - 201 - user : [ad123] logged in   
2024-10-22 04:56:32,572 - INFO -  /wallet/send - 401: could not validate the credentials!    
2024-10-22 04:57:09,086 - INFO -  /auth/login - 201 - user : [ad123] logged in   
2024-10-22 04:57:11,921 - INFO -  /auth/signup - 201 - user: - [user34] - account created 
2024-10-22 04:57:14,915 - INFO -  /wallet/balance - 200 - user: [user34]  
2024-10-22 04:57:17,869 - INFO -  /wallet/ - 200 - user [user34]  
2024-10-22 04:57:20,354 - INFO -  /wallet/send - 403: User wallet is empty! 
2024-10-22 04:57:23,074 - INFO -  /auth/login - 201 - user : [ad123] logged in   
2024-10-22 04:57:25,661 - INFO -  /wallet/balance - 200 - user: [user34]  
2024-10-22 04:57:50,813 - INFO -  /auth/login - 201 - user : [ad123] logged in   
2024-10-22 04:57:53,367 - INFO -  /wallet/ - 200 - user [user34]  
2024-10-22 04:57:54,894 - INFO -  /wallet/ - 200 - user [user34]  
2024-10-22 04:58:06,785 - INFO -  /auth/login - 201 - user : [ad123] logged in   
2024-10-22 04:58:10,406 - INFO -  /wallet/balance - 200 - user: [user34]  
2024-10-22 04:58:13,620 - INFO -  /wallet/ - 200 - user [user34]  
2024-10-22 04:58:14,612 - INFO -  /wallet/ - 200 - user [user34]  
2024-10-22 04:58:16,677 - INFO -  /auth/login - 201 - user : [ad123] logged in   
2024-10-22 04:58:38,847 - INFO -  /auth/login - 201 - user : [ad123] logged in   
2024-10-22 04:59:03,971 - INFO -  /auth/login - 201 - user : [ad123] logged in   
2024-10-22 04:59:09,697 - INFO -  /auth/login - 201 - user : [ad123] logged in   
2024-10-22 04:59:25,640 - INFO -  /wallet/balance - 200 - user: [ad123]  
2024-10-22 04:59:29,042 - INFO -  /wallet/send - 201 - user: [ad123] - amount: [100] - category:[pani] 
2024-10-22 04:59:35,397 - INFO -  /wallet/ - 200 - user [ad123]  
2024-10-22 05:00:19,361 - INFO -  /auth/login - 201 - user : [ad123] logged in   
2024-10-22 05:00:21,826 - INFO -  /wallet/balance - 200 - user: [ad123]  
2024-10-22 05:00:24,175 - INFO -  /wallet/send - 201 - user: [ad123] - amount: [100] - category:[pani] 
2024-10-22 05:00:26,699 - INFO -  /wallet/ - 200 - user [ad123]  
2024-10-22 05:00:29,806 - INFO -  /auth/signup - 201 - user: - [user35] - account created 
2024-10-22 09:14:00,099 - INFO -  /auth/login - 201 - user : [ad123] logged in   
2024-10-22 09:14:08,406 - INFO -  /transactions/show - 200 - user: [ad123]  
2024-10-22 09:19:21,497 - INFO -  /wallet/send - 401: could not validate the credentials!    
2024-10-22 09:30:18,906 - INFO -  /wallet/balance - 401: Could not validate the credentials 
2024-10-22 09:30:24,056 - INFO -  /auth/login - 201 - user : [ad123] logged in   
2024-10-22 09:30:33,688 - INFO -  /auth/signup - 201 - user: - [user36] - account created 
2024-10-22 09:30:36,003 - INFO -  /wallet/balance - 200 - user: [user36]  
2024-10-22 09:30:39,991 - INFO -  /wallet/ - 200 - user [user36]  
2024-10-22 09:30:42,398 - INFO -  /wallet/send - 403: User wallet is empty! 
2024-10-22 09:30:48,031 - INFO -  /auth/login - 201 - user : [ad123] logged in   
2024-10-22 09:30:50,404 - INFO -  /wallet/balance - 200 - user: [ad123]  
2024-10-22 09:30:53,282 - INFO -  /wallet/send - 201 - user: [ad123] - amount: [100] - category:[pani] 
2024-10-22 09:30:56,822 - INFO -  /transactions/show - 200 - user: [ad123]  
